
> taonaire-backend@1.0.0 dev
> nodemon --exec ts-node src/index.ts

[33m[nodemon] 3.1.14[39m
[33m[nodemon] to restart at any time, enter `rs`[39m
[33m[nodemon] watching path(s): *.*[39m
[33m[nodemon] watching extensions: ts,json[39m
[32m[nodemon] starting `ts-node src/index.ts`[39m
✅ Connected to MySQL
✅ Database connected
🚀 Server running on http://localhost:3001
📁 Upload directory: uploads/images
🔐 Google OAuth: GET http://localhost:3001/api/v1/auth/google
[0mGET /api/health [32m200[0m 6.388 ms - 54[0m
[0mGET /api/v1/auth/google [36m302[0m 5.448 ms - 311[0m
[0mPOST /api/auth/login [33m401[0m 51.312 ms - 69[0m
[0mPOST /api/auth/login [33m401[0m 1023.101 ms - 66[0m
[32m[nodemon] restarting due to changes...[39m
[32m[nodemon] restarting due to changes...[39m
[32m[nodemon] restarting due to changes...[39m
[32m[nodemon] restarting due to changes...[39m
[32m[nodemon] restarting due to changes...[39m
[32m[nodemon] restarting due to changes...[39m
[32m[nodemon] starting `ts-node src/index.ts`[39m
✅ Connected to MySQL
✅ Database connected
🚀 Server running on http://localhost:3001
📁 Upload directory: uploads/images
🔐 Google OAuth: GET http://localhost:3001/api/v1/auth/google
[0mPOST /api/auth/login [33m401[0m 103.763 ms - 69[0m
[0mPOST /api/auth/signup [32m201[0m 825.440 ms - 162[0m
[0mPOST /api/auth/login [32m200[0m 790.747 ms - 353[0m
[0mGET /api/products?page=1&limit=3 [32m200[0m 18.248 ms - 1538[0m
[0mPOST /api/auth/login [32m200[0m 1097.624 ms - 353[0m
[0mGET /api/products?page=1&limit=3 [32m200[0m 6.603 ms - 1538[0m
[32m[nodemon] restarting due to changes...[39m
[32m[nodemon] starting `ts-node src/index.ts`[39m
✅ Connected to MySQL
✅ Database connected
🚀 Server running on http://localhost:3001
📁 Upload directory: uploads/images
🔐 Google OAuth: GET http://localhost:3001/api/v1/auth/google
[31m[nodemon] app crashed - waiting for file changes before starting...[39m
[32m[nodemon] restarting due to changes...[39m
[32m[nodemon] starting `ts-node src/index.ts`[39m
sh: line 1: ts-node: command not found
[32m[nodemon] restarting due to changes...[39m
[32m[nodemon] restarting due to changes...[39m
[32m[nodemon] restarting due to changes...[39m
[32m[nodemon] restarting due to changes...[39m
[32m[nodemon] restarting due to changes...[39m
[32m[nodemon] restarting due to changes...[39m
[32m[nodemon] restarting due to changes...[39m
[32m[nodemon] restarting due to changes...[39m
[32m[nodemon] restarting due to changes...[39m
[32m[nodemon] restarting due to changes...[39m
[32m[nodemon] restarting due to changes...[39m
[32m[nodemon] restarting due to changes...[39m
[32m[nodemon] restarting due to changes...[39m
[32m[nodemon] restarting due to changes...[39m
[32m[nodemon] restarting due to changes...[39m
[32m[nodemon] restarting due to changes...[39m
[32m[nodemon] restarting due to changes...[39m
[32m[nodemon] restarting due to changes...[39m
[32m[nodemon] restarting due to changes...[39m
[32m[nodemon] restarting due to changes...[39m
[32m[nodemon] restarting due to changes...[39m
[32m[nodemon] restarting due to changes...[39m
[32m[nodemon] restarting due to changes...[39m
[32m[nodemon] restarting due to changes...[39m
[32m[nodemon] restarting due to changes...[39m
[32m[nodemon] restarting due to changes...[39m
[32m[nodemon] restarting due to changes...[39m
[32m[nodemon] restarting due to changes...[39m
[32m[nodemon] restarting due to changes...[39m
[32m[nodemon] restarting due to changes...[39m
[32m[nodemon] restarting due to changes...[39m
[32m[nodemon] restarting due to changes...[39m
[32m[nodemon] restarting due to changes...[39m
[32m[nodemon] restarting due to changes...[39m
[32m[nodemon] restarting due to changes...[39m
[32m[nodemon] restarting due to changes...[39m
[32m[nodemon] restarting due to changes...[39m
[32m[nodemon] restarting due to changes...[39m
[32m[nodemon] restarting due to changes...[39m
[32m[nodemon] restarting due to changes...[39m
[32m[nodemon] restarting due to changes...[39m
[32m[nodemon] restarting due to changes...[39m
[32m[nodemon] restarting due to changes...[39m
[32m[nodemon] restarting due to changes...[39m
[32m[nodemon] restarting due to changes...[39m
[32m[nodemon] restarting due to changes...[39m
[32m[nodemon] restarting due to changes...[39m
[32m[nodemon] restarting due to changes...[39m
[32m[nodemon] restarting due to changes...[39m
[32m[nodemon] restarting due to changes...[39m
[31m[nodemon] failed to start process, "ts-node" exec not found[39m
[31m[nodemon] Error
    at Bus.<anonymous> (/home/rayu/taonaire_internship/backend/node_modules/nodemon/lib/nodemon.js:164:25)
    at Bus.emit (node:events:531:35)
    at ChildProcess.<anonymous> (/home/rayu/taonaire_internship/backend/node_modules/nodemon/lib/monitor/run.js:199:11)
    at ChildProcess.emit (node:events:519:28)
    at ChildProcess._handle.onexit (node:internal/child_process:293:12)[39m
